2022-11-27 11:25:24,714 [INFO] Activator:177 - 


2022-11-27 11:25:24,715 [INFO] Activator:178 - !SESSION log4j initialized
2022-11-27 11:25:47,940 [ERROR] LogOutputStream:74 - [STDERR_REDIRECT] SLF4J: Failed to load class "org.slf4j.impl.StaticLoggerBinder".
2022-11-27 11:25:47,940 [ERROR] LogOutputStream:74 - [STDERR_REDIRECT] SLF4J: Defaulting to no-operation (NOP) logger implementation
2022-11-27 11:25:47,941 [ERROR] LogOutputStream:74 - [STDERR_REDIRECT] SLF4J: See http://www.slf4j.org/codes.html#StaticLoggerBinder for further details.
2022-11-27 11:26:02,091 [INFO] McuFinderGlobals:44 - Set McuFinder mode to 2 (CubeIDE integrated)
2022-11-27 11:26:03,808 [INFO] ApplicationProperties:181 - Using Application install path: C:\ST\STM32CubeIDE_1.7.0\STM32CubeIDE\plugins\com.st.stm32cube.common.mx_6.6.1.202207061420
2022-11-27 11:26:03,822 [INFO] DbMcusXml:77 - Set database path to: C:\ST\STM32CubeIDE_1.7.0\STM32CubeIDE\plugins\com.st.stm32cube.common.mx_6.6.1.202207061420\\db\/mcu/
2022-11-27 11:26:03,822 [INFO] ApiDb:269 - Set plugin database path to: C:\ST\STM32CubeIDE_1.7.0\STM32CubeIDE\plugins\com.st.stm32cube.common.mx_6.6.1.202207061420\\db\/plugins/boardmanager/
2022-11-27 11:26:03,824 [WARN] ApiDb:254 - Overriding images path with different value:  => C:\ST\STM32CubeIDE_1.7.0\STM32CubeIDE\plugins\com.st.stm32cube.common.mx_6.6.1.202207061420\\db\/plugins/mcufinder/images/
2022-11-27 11:26:03,834 [INFO] ApiDb:249 - Set database path to: C:\Users\Admin\.stmcufinder\plugins\mcufinder//mcu/
2022-11-27 11:26:03,835 [INFO] DbMcusAds:124 - Set database path to: C:\Users\Admin\.stmcufinder\plugins\mcufinder//mcu/
2022-11-27 11:26:03,919 [INFO] CrossReferenceDbSqlite:201 - Set database path to: C:\Users\Admin\.stmcufinder\plugins\mcufinder//mcu/cs/
2022-11-27 11:26:04,002 [INFO] RulesReader:61 - Compatibility file has been processed (282 Rules)
2022-11-27 11:26:04,062 [INFO] DbMcusXml:77 - Set database path to: C:\ST\STM32CubeIDE_1.7.0\STM32CubeIDE\plugins\com.st.stm32cube.common.mx_6.6.1.202207061420\\db\/mcu/
2022-11-27 11:26:04,063 [INFO] ApiDb:269 - Set plugin database path to: C:\ST\STM32CubeIDE_1.7.0\STM32CubeIDE\plugins\com.st.stm32cube.common.mx_6.6.1.202207061420\\db\/plugins/boardmanager/
2022-11-27 11:26:04,063 [INFO] ApiDb:256 - Set plugin images path to: C:\ST\STM32CubeIDE_1.7.0\STM32CubeIDE\plugins\com.st.stm32cube.common.mx_6.6.1.202207061420\\db\/plugins/mcufinder/images/
2022-11-27 11:26:04,063 [WARN] DbFile:40 - Overriding database path with different value: C:\Users\Admin\.stmcufinder\plugins\mcufinder/ => C:\Users\Admin\.stmcufinder\plugins\mcufinder
2022-11-27 11:26:04,064 [INFO] ApiDb:249 - Set database path to: C:\Users\Admin\.stmcufinder\plugins\mcufinder//mcu/
2022-11-27 11:26:04,064 [WARN] DbFile:40 - Overriding database path with different value: C:\Users\Admin\.stmcufinder\plugins\mcufinder/ => C:\Users\Admin\.stmcufinder\plugins\mcufinder
2022-11-27 11:26:04,064 [INFO] DbMcusAds:124 - Set database path to: C:\Users\Admin\.stmcufinder\plugins\mcufinder//mcu/
2022-11-27 11:26:04,065 [WARN] DbFile:40 - Overriding database path with different value: C:\Users\Admin\.stmcufinder\plugins\mcufinder/ => C:\Users\Admin\.stmcufinder\plugins\mcufinder
2022-11-27 11:26:04,065 [WARN] DbFile:40 - Overriding database path with different value: C:\Users\Admin\.stmcufinder\plugins\mcufinder/ => C:\Users\Admin\.stmcufinder\plugins\mcufinder
2022-11-27 11:26:04,065 [INFO] CrossReferenceDbSqlite:201 - Set database path to: C:\Users\Admin\.stmcufinder\plugins\mcufinder//mcu/cs/
2022-11-27 11:26:04,120 [INFO] MainPanel:242 - HeapMemory: 268435456
2022-11-27 11:26:04,174 [INFO] DbMcusXml:77 - Set database path to: C:\ST\STM32CubeIDE_1.7.0\STM32CubeIDE\plugins\com.st.stm32cube.common.mx_6.6.1.202207061420\\db\/mcu/
2022-11-27 11:26:04,174 [INFO] ApiDb:269 - Set plugin database path to: C:\ST\STM32CubeIDE_1.7.0\STM32CubeIDE\plugins\com.st.stm32cube.common.mx_6.6.1.202207061420\\db\/plugins/boardmanager/
2022-11-27 11:26:04,174 [INFO] ApiDb:256 - Set plugin images path to: C:\ST\STM32CubeIDE_1.7.0\STM32CubeIDE\plugins\com.st.stm32cube.common.mx_6.6.1.202207061420\\db\/plugins/mcufinder/images/
2022-11-27 11:26:04,174 [WARN] DbFile:40 - Overriding database path with different value: C:\Users\Admin\.stmcufinder\plugins\mcufinder/ => C:\Users\Admin\.stmcufinder\plugins\mcufinder
2022-11-27 11:26:04,175 [INFO] ApiDb:249 - Set database path to: C:\Users\Admin\.stmcufinder\plugins\mcufinder//mcu/
2022-11-27 11:26:04,175 [WARN] DbFile:40 - Overriding database path with different value: C:\Users\Admin\.stmcufinder\plugins\mcufinder/ => C:\Users\Admin\.stmcufinder\plugins\mcufinder
2022-11-27 11:26:04,175 [INFO] DbMcusAds:124 - Set database path to: C:\Users\Admin\.stmcufinder\plugins\mcufinder//mcu/
2022-11-27 11:26:04,175 [WARN] DbFile:40 - Overriding database path with different value: C:\Users\Admin\.stmcufinder\plugins\mcufinder/ => C:\Users\Admin\.stmcufinder\plugins\mcufinder
2022-11-27 11:26:04,175 [WARN] DbFile:40 - Overriding database path with different value: C:\Users\Admin\.stmcufinder\plugins\mcufinder/ => C:\Users\Admin\.stmcufinder\plugins\mcufinder
2022-11-27 11:26:04,175 [INFO] CrossReferenceDbSqlite:201 - Set database path to: C:\Users\Admin\.stmcufinder\plugins\mcufinder//mcu/cs/
2022-11-27 11:26:04,188 [INFO] ApplicationProperties:181 - Using Application install path: C:\ST\STM32CubeIDE_1.7.0\STM32CubeIDE\plugins\com.st.stm32cube.common.mx_6.6.1.202207061420
2022-11-27 11:26:04,190 [INFO] PluginManage:193 - Search for loadable plugins [exclusion list=, ]
2022-11-27 11:26:04,191 [INFO] PluginManage:307 - Check plugin analytics
2022-11-27 11:26:04,330 [INFO] AnalyticsPlugin:262 - Accepted Software Licenses: 
2022-11-27 11:26:04,330 [INFO] AnalyticsPlugin:264 - Accepted CMSIS Pack Licenses: 
2022-11-27 11:26:04,331 [INFO] AnalyticsPlugin:266 - Accepted Firmware Licenses: 
2022-11-27 11:26:04,339 [INFO] PluginManage:356 - Loaded plugin analytics (category:tool,tabindex:-1)
2022-11-27 11:26:04,339 [INFO] PluginManage:307 - Check plugin cadmodel
2022-11-27 11:26:04,348 [INFO] CADModel:65 - Init CAD model plugin
2022-11-27 11:26:04,349 [INFO] PluginManage:356 - Loaded plugin cadmodel (category:power,tabindex:5)
2022-11-27 11:26:04,349 [INFO] PluginManage:307 - Check plugin clock
2022-11-27 11:26:04,364 [INFO] PluginManage:356 - Loaded plugin clock (category:base,tabindex:2)
2022-11-27 11:26:04,364 [INFO] PluginManage:307 - Check plugin ddr
2022-11-27 11:26:04,367 [INFO] PluginManage:356 - Loaded plugin ddr (category:tool,tabindex:6)
2022-11-27 11:26:04,367 [INFO] PluginManage:307 - Check plugin filemanager
2022-11-27 11:26:04,484 [INFO] PluginManage:356 - Loaded plugin filemanager (category:base,tabindex:10)
2022-11-27 11:26:04,486 [INFO] PluginManage:307 - Check plugin ipmanager
2022-11-27 11:26:04,491 [INFO] PluginManage:356 - Loaded plugin ipmanager (category:base,tabindex:5)
2022-11-27 11:26:04,491 [INFO] PluginManage:307 - Check plugin lpbam
2022-11-27 11:26:04,504 [INFO] PluginManage:356 - Loaded plugin lpbam (category:base,tabindex:0)
2022-11-27 11:26:04,504 [INFO] PluginManage:307 - Check plugin pinoutandconfiguration
2022-11-27 11:26:04,516 [INFO] PluginManage:356 - Loaded plugin pinoutandconfiguration (category:base,tabindex:1)
2022-11-27 11:26:04,516 [INFO] PluginManage:307 - Check plugin pinoutconfig
2022-11-27 11:26:04,542 [INFO] PluginManage:356 - Loaded plugin pinoutconfig (category:base,tabindex:0)
2022-11-27 11:26:04,542 [INFO] PluginManage:307 - Check plugin power
2022-11-27 11:26:04,553 [INFO] PluginManage:356 - Loaded plugin power (category:power,tabindex:4)
2022-11-27 11:26:04,554 [INFO] PluginManage:307 - Check plugin projectmanager
2022-11-27 11:26:04,565 [INFO] PluginManage:356 - Loaded plugin projectmanager (category:projectmanager,tabindex:3)
2022-11-27 11:26:04,565 [INFO] PluginManage:307 - Check plugin thirdparty
2022-11-27 11:26:04,736 [WARN] IntegrityCheckThread:82 - waiting for thirdparty lock release [integrity check]
2022-11-27 11:26:04,737 [INFO] IntegrityCheckThread:84 - entering critical section [integrity check]
2022-11-27 11:26:04,736 [INFO] PluginManage:356 - Loaded plugin thirdparty (category:base,tabindex:-1)
2022-11-27 11:26:04,738 [INFO] PluginManage:307 - Check plugin tools
2022-11-27 11:26:04,739 [INFO] ThirdPartyUpdaterWithRetryManager:70 - Updater plugin not ready yet. [1/15]
2022-11-27 11:26:04,755 [INFO] PluginManage:356 - Loaded plugin tools (category:base,tabindex:7)
2022-11-27 11:26:04,755 [INFO] PluginManage:307 - Check plugin tutovideos
2022-11-27 11:26:04,905 [INFO] PluginManage:356 - Loaded plugin tutovideos (category:base,tabindex:-1)
2022-11-27 11:26:04,906 [INFO] PluginManage:307 - Check plugin updater
2022-11-27 11:26:04,917 [INFO] PluginManage:356 - Loaded plugin updater (category:base,tabindex:12)
2022-11-27 11:26:04,918 [INFO] PluginManage:280 - PluginManage : Loaded plugins [15]
2022-11-27 11:26:05,105 [INFO] PinOutPanel:1468 - setPackage(No Configuration,No Configuration)
2022-11-27 11:26:05,159 [INFO] CADModel:98 - CPN selected for project level
2022-11-27 11:26:05,178 [INFO] IPUIPlugin:79 - create IPUIPlugin
2022-11-27 11:26:05,178 [INFO] PluginManager:217 - loadIPPluginJar : add adc
2022-11-27 11:26:05,201 [INFO] IPUIPlugin:79 - create IPUIPlugin
2022-11-27 11:26:05,201 [INFO] PluginManager:217 - loadIPPluginJar : add aes
2022-11-27 11:26:05,227 [INFO] IPUIPlugin:79 - create IPUIPlugin
2022-11-27 11:26:05,227 [INFO] PluginManager:217 - loadIPPluginJar : add can
2022-11-27 11:26:05,239 [INFO] IPUIPlugin:79 - create IPUIPlugin
2022-11-27 11:26:05,240 [INFO] PluginManager:217 - loadIPPluginJar : add comp
2022-11-27 11:26:05,257 [INFO] IPUIPlugin:79 - create IPUIPlugin
2022-11-27 11:26:05,258 [INFO] PluginManager:217 - loadIPPluginJar : add cryp
2022-11-27 11:26:05,274 [INFO] IPUIPlugin:79 - create IPUIPlugin
2022-11-27 11:26:05,274 [INFO] PluginManager:217 - loadIPPluginJar : add dfsdm
2022-11-27 11:26:05,283 [INFO] IPUIPlugin:79 - create IPUIPlugin
2022-11-27 11:26:05,284 [INFO] PluginManager:217 - loadIPPluginJar : add dma
2022-11-27 11:26:05,309 [INFO] IPUIPlugin:79 - create IPUIPlugin
2022-11-27 11:26:05,310 [INFO] PluginManager:217 - loadIPPluginJar : add dma3
2022-11-27 11:26:05,322 [INFO] IPUIPlugin:79 - create IPUIPlugin
2022-11-27 11:26:05,322 [INFO] PluginManager:217 - loadIPPluginJar : add fatfs
2022-11-27 11:26:05,350 [INFO] IPUIPlugin:79 - create IPUIPlugin
2022-11-27 11:26:05,350 [INFO] PluginManager:217 - loadIPPluginJar : add fmc
2022-11-27 11:26:05,360 [INFO] IPUIPlugin:79 - create IPUIPlugin
2022-11-27 11:26:05,360 [INFO] PluginManager:217 - loadIPPluginJar : add freertos
2022-11-27 11:26:05,372 [INFO] IPUIPlugin:79 - create IPUIPlugin
2022-11-27 11:26:05,372 [INFO] PluginManager:217 - loadIPPluginJar : add genericplugin
2022-11-27 11:26:05,421 [INFO] IPUIPlugin:79 - create IPUIPlugin
2022-11-27 11:26:05,421 [INFO] PluginManager:217 - loadIPPluginJar : add gfxmmu
2022-11-27 11:26:05,499 [INFO] IPUIPlugin:79 - create IPUIPlugin
2022-11-27 11:26:05,499 [INFO] PluginManager:217 - loadIPPluginJar : add gic
2022-11-27 11:26:05,507 [INFO] IPUIPlugin:79 - create IPUIPlugin
2022-11-27 11:26:05,508 [INFO] PluginManager:217 - loadIPPluginJar : add gpio
2022-11-27 11:26:05,561 [INFO] IPUIPlugin:79 - create IPUIPlugin
2022-11-27 11:26:05,561 [INFO] PluginManager:217 - loadIPPluginJar : add gtzc
2022-11-27 11:26:05,580 [INFO] IPUIPlugin:79 - create IPUIPlugin
2022-11-27 11:26:05,580 [INFO] PluginManager:217 - loadIPPluginJar : add hash
2022-11-27 11:26:05,611 [INFO] IPUIPlugin:79 - create IPUIPlugin
2022-11-27 11:26:05,611 [INFO] PluginManager:217 - loadIPPluginJar : add i2c
2022-11-27 11:26:05,634 [INFO] IPUIPlugin:79 - create IPUIPlugin
2022-11-27 11:26:05,634 [INFO] PluginManager:217 - loadIPPluginJar : add i2s
2022-11-27 11:26:05,703 [INFO] IPUIPlugin:79 - create IPUIPlugin
2022-11-27 11:26:05,704 [INFO] PluginManager:217 - loadIPPluginJar : add ipddr
2022-11-27 11:26:05,758 [INFO] IPUIPlugin:79 - create IPUIPlugin
2022-11-27 11:26:05,758 [INFO] PluginManager:217 - loadIPPluginJar : add linkedlist
2022-11-27 11:26:05,778 [INFO] IPUIPlugin:79 - create IPUIPlugin
2022-11-27 11:26:05,779 [INFO] PluginManager:217 - loadIPPluginJar : add lorawan
2022-11-27 11:26:05,800 [INFO] IPUIPlugin:79 - create IPUIPlugin
2022-11-27 11:26:05,800 [INFO] PluginManager:217 - loadIPPluginJar : add ltdc
2022-11-27 11:26:05,811 [INFO] IPUIPlugin:79 - create IPUIPlugin
2022-11-27 11:26:05,811 [INFO] PluginManager:217 - loadIPPluginJar : add mdma
2022-11-27 11:26:05,820 [INFO] IPUIPlugin:79 - create IPUIPlugin
2022-11-27 11:26:05,820 [INFO] PluginManager:217 - loadIPPluginJar : add nvic
2022-11-27 11:26:05,840 [INFO] IPUIPlugin:79 - create IPUIPlugin
2022-11-27 11:26:05,840 [INFO] PluginManager:217 - loadIPPluginJar : add opamp
2022-11-27 11:26:05,872 [INFO] IPUIPlugin:79 - create IPUIPlugin
2022-11-27 11:26:05,872 [INFO] PluginManager:217 - loadIPPluginJar : add openamp
2022-11-27 11:26:05,896 [INFO] IPUIPlugin:79 - create IPUIPlugin
2022-11-27 11:26:05,897 [INFO] PluginManager:217 - loadIPPluginJar : add pdm2pcm
2022-11-27 11:26:05,906 [INFO] IPUIPlugin:79 - create IPUIPlugin
2022-11-27 11:26:05,909 [INFO] PluginManager:217 - loadIPPluginJar : add plateformsettings
2022-11-27 11:26:05,921 [INFO] IPUIPlugin:79 - create IPUIPlugin
2022-11-27 11:26:05,921 [INFO] PluginManager:217 - loadIPPluginJar : add quadspi
2022-11-27 11:26:05,930 [INFO] IPUIPlugin:79 - create IPUIPlugin
2022-11-27 11:26:05,930 [INFO] PluginManager:217 - loadIPPluginJar : add resmgrutility
2022-11-27 11:26:05,959 [INFO] IPUIPlugin:79 - create IPUIPlugin
2022-11-27 11:26:05,960 [INFO] PluginManager:217 - loadIPPluginJar : add sai
2022-11-27 11:26:05,981 [INFO] IPUIPlugin:79 - create IPUIPlugin
2022-11-27 11:26:05,981 [INFO] PluginManager:217 - loadIPPluginJar : add spi
2022-11-27 11:26:06,014 [INFO] IPUIPlugin:79 - create IPUIPlugin
2022-11-27 11:26:06,014 [INFO] PluginManager:217 - loadIPPluginJar : add stm32_wpan
2022-11-27 11:26:06,027 [INFO] IPUIPlugin:79 - create IPUIPlugin
2022-11-27 11:26:06,027 [INFO] PluginManager:217 - loadIPPluginJar : add tim
2022-11-27 11:26:06,062 [INFO] IPUIPlugin:79 - create IPUIPlugin
2022-11-27 11:26:06,062 [INFO] PluginManager:217 - loadIPPluginJar : add touchsensing
2022-11-27 11:26:06,075 [INFO] IPUIPlugin:79 - create IPUIPlugin
2022-11-27 11:26:06,076 [INFO] PluginManager:217 - loadIPPluginJar : add tracer_emb
2022-11-27 11:26:06,089 [INFO] IPUIPlugin:79 - create IPUIPlugin
2022-11-27 11:26:06,089 [INFO] PluginManager:217 - loadIPPluginJar : add ts
2022-11-27 11:26:06,111 [INFO] IPUIPlugin:79 - create IPUIPlugin
2022-11-27 11:26:06,111 [INFO] PluginManager:217 - loadIPPluginJar : add tsc
2022-11-27 11:26:06,123 [INFO] IPUIPlugin:79 - create IPUIPlugin
2022-11-27 11:26:06,124 [INFO] PluginManager:217 - loadIPPluginJar : add ucpd
2022-11-27 11:26:06,148 [INFO] IPUIPlugin:79 - create IPUIPlugin
2022-11-27 11:26:06,148 [INFO] PluginManager:217 - loadIPPluginJar : add usart
2022-11-27 11:26:06,175 [INFO] IPUIPlugin:79 - create IPUIPlugin
2022-11-27 11:26:06,175 [INFO] PluginManager:217 - loadIPPluginJar : add usbx
2022-11-27 11:26:06,387 [FATAL] Updater:301 - Updater called before beeing initialized
2022-11-27 11:26:06,476 [FATAL] Updater:301 - Updater called before beeing initialized
2022-11-27 11:26:06,486 [INFO] DbMcusAds:52 - JSON generation date=Thu Sep 30 13:56:37 ICT 2021 (1632984997303)
2022-11-27 11:26:06,486 [FATAL] Updater:301 - Updater called before beeing initialized
2022-11-27 11:26:06,538 [WARN] DetailPanel:344 - Failed to get advertising image, set to default
2022-11-27 11:26:06,635 [FATAL] Updater:301 - Updater called before beeing initialized
2022-11-27 11:26:06,636 [FATAL] Updater:301 - Updater called before beeing initialized
2022-11-27 11:26:06,636 [FATAL] Updater:301 - Updater called before beeing initialized
2022-11-27 11:26:06,636 [WARN] DetailPanel:344 - Failed to get advertising image, set to default
2022-11-27 11:26:06,638 [FATAL] Updater:301 - Updater called before beeing initialized
2022-11-27 11:26:06,691 [ERROR] Updater:1105 - MainUpdater not yet initialized. External WinMGr cannot be set.
2022-11-27 11:26:06,697 [INFO] Updater:1041 - Updater Version found : 6.6.1
2022-11-27 11:26:06,712 [INFO] ApplicationProperties:181 - Using Application install path: C:\ST\STM32CubeIDE_1.7.0\STM32CubeIDE\plugins\com.st.stm32cube.common.mx_6.6.1.202207061420
2022-11-27 11:26:07,082 [INFO] MainUpdater:2768 - connection check result : 10
2022-11-27 11:26:07,083 [INFO] MainUpdater:280 - Updater Check For Update Now.
2022-11-27 11:26:07,083 [INFO] MicroXplorer:481 - Change Database Version : DB.6.0.60
2022-11-27 11:26:07,246 [INFO] CheckServerUpdateThread:119 - End of CheckServer Thread
2022-11-27 11:26:07,303 [INFO] MainUpdater:2768 - connection check result : 10
2022-11-27 11:26:07,307 [INFO] MainUpdater:2768 - connection check result : 10
2022-11-27 11:26:07,408 [INFO] MicroXplorer:451 - Change Database Path : 
2022-11-27 11:26:07,408 [INFO] MicroXplorer:481 - Change Database Version : DB.6.0.60
2022-11-27 11:26:07,408 [WARN] ThirdParty:827 - waiting for thirdparty lock release [close project]
2022-11-27 11:26:07,832 [WARN] PackLoader:242 - Cannot read IP mode file for STMicroelectronics.X-CUBE-BLEMGR.1.2.0
2022-11-27 11:26:07,846 [WARN] PackLoader:242 - Cannot read IP mode file for STMicroelectronics.X-CUBE-NFC4.2.0.5
2022-11-27 11:26:07,856 [WARN] PackLoader:242 - Cannot read IP mode file for STMicroelectronics.X-CUBE-NFC4.2.0.4
2022-11-27 11:26:07,871 [WARN] PackLoader:242 - Cannot read IP mode file for STMicroelectronics.X-CUBE-TOF1.3.1.0
2022-11-27 11:26:07,883 [WARN] PackLoader:242 - Cannot read IP mode file for STMicroelectronics.X-CUBE-AI.7.2.0
2022-11-27 11:26:07,897 [WARN] PackLoader:242 - Cannot read IP mode file for STMicroelectronics.X-CUBE-TOF1.3.2.0
2022-11-27 11:26:07,911 [WARN] PackLoader:242 - Cannot read IP mode file for STMicroelectronics.X-CUBE-ISPU.1.0.0
2022-11-27 11:26:07,919 [WARN] PackLoader:242 - Cannot read IP mode file for STMicroelectronics.X-CUBE-ISPU.1.1.0
2022-11-27 11:26:07,932 [WARN] PackLoader:242 - Cannot read IP mode file for RoweBots.I-CUBE-UNISONRTOS.5.5.0-4
2022-11-27 11:26:07,943 [WARN] PackLoader:242 - Cannot read IP mode file for STMicroelectronics.X-CUBE-BLEMGR.1.0.0
2022-11-27 11:26:07,954 [WARN] PackLoader:242 - Cannot read IP mode file for STMicroelectronics.X-CUBE-AI.7.3.0
2022-11-27 11:26:07,997 [WARN] PackLoader:242 - Cannot read IP mode file for SEGGER.I-CUBE-embOS.1.2.0
2022-11-27 11:26:08,055 [WARN] PackLoader:242 - Cannot read IP mode file for STMicroelectronics.FP-ATR-SIGFOX1.3.2.0
2022-11-27 11:26:08,067 [WARN] PackLoader:242 - Cannot read IP mode file for emotas.I-CUBE-CANOPEN.1.1.2
2022-11-27 11:26:08,080 [WARN] PackLoader:242 - Cannot read IP mode file for portGmbH.I-Cube-SoM-uGOAL.1.1.0
2022-11-27 11:26:08,081 [INFO] ThirdParty:929 - Integrity check success = true
2022-11-27 11:26:08,081 [INFO] IntegrityCheckThread:98 - exiting critical section [integrity check]
2022-11-27 11:26:08,081 [INFO] IntegrityCheckThread:101 - End integrity checks thread
2022-11-27 11:26:08,081 [INFO] ThirdParty:829 - entering critical section [close project]
2022-11-27 11:26:08,082 [INFO] ThirdParty:839 - exiting critical section [close project]
2022-11-27 11:26:08,086 [INFO] PinOutPanel:1468 - setPackage(No Configuration,No Configuration)
2022-11-27 11:26:08,090 [INFO] UtilMem:74 - Begin LoadConfig() Used Memory: 142329640 Bytes (268435456)
2022-11-27 11:26:08,095 [INFO] MicroXplorer:451 - Change Database Path : C:/Users/Admin/.stm32cubemx/databases/DB.6.0.30/db/
2022-11-27 11:26:08,095 [INFO] MicroXplorer:481 - Change Database Version : DB.6.0.30
2022-11-27 11:26:14,246 [INFO] OpenFileManager:307 - Change cursor
2022-11-27 11:26:14,274 [INFO] Mcu:1922 - Initializing MCU STM32F103C6Ux STM32F103C6Ux 
2022-11-27 11:26:14,364 [INFO] ApiDb:576 - Connected to CubeFinder SQLite database (C:\Users\Admin\.stmcufinder\plugins\mcufinder\mcu\cube-finder-db.db)
2022-11-27 11:26:14,384 [INFO] ApiDb:663 - CubeFinder database Data Model version=2.1
2022-11-27 11:26:14,385 [INFO] ApiDb:664 - CubeFinder database Configuration version=3.0.32
2022-11-27 11:26:14,385 [INFO] ApiDb:665 - CubeFinder database generation date=2022-08-05 (1659688109)
2022-11-27 11:26:14,385 [INFO] ApiDb:666 - CubeFinder database FW Pack versions=[STM32Cube_FW_C0_V1.0.0, STM32Cube_FW_F4_V1.27.1, STM32Cube_FW_F7_V1.17.0, STM32Cube_FW_G0_V1.6.1, STM32Cube_FW_G4_V1.5.0, STM32Cube_FW_H7_V1.10.0, STM32Cube_FW_L5_V1.4.0, STM32Cube_FW_U5_V1.1.1, STM32Cube_FW_WB_V1.14.1, STM32Cube_FW_WL_V1.2.0, X-CUBE-ALGOBUILD_V1.3.0, X-CUBE-ALS_V1.0.1, X-CUBE-AZRTOS-F4_V1.1.0, X-CUBE-AZRTOS-F7_V1.1.0, X-CUBE-AZRTOS-G0_V1.1.0, X-CUBE-AZRTOS-G4_V1.0.0, X-CUBE-AZRTOS-H7_V2.1.0, X-CUBE-AZRTOS-L4_V1.0.0, X-CUBE-AZRTOS-L5_V1.0.0, X-CUBE-AZRTOS-WL_V1.0.0, X-CUBE-BLE1_V6.2.3, X-CUBE-BLE2_V3.3.0, X-CUBE-EEPRMA1_V3.1.1, X-CUBE-GNSS1_V6.0.0, X-CUBE-MEMS1_V9.1.0, X-CUBE-MEMS1_V9.3.0, X-CUBE-NFC4_V2.0.4, X-CUBE-NFC7_V1.0.0, X-CUBE-SFXS2LP1_V4.0.0, X-CUBE-SUBG2_V5.0.0]
2022-11-27 11:26:15,961 [INFO] ApiDb:239 - Found 138 in-development CPN: [B-WB1M-WPAN1, NUCLEO-C031C6, STEVAL-STWINBX1, STM320518-EVAL, STM32C0116-DK, STM32C011D6Y3TR, STM32C011D6Y6TR, STM32C011F4P3, STM32C011F4P6, STM32C011F4U3, STM32C011F4U6TR, STM32C011F6P3, STM32C011F6P6, STM32C011F6U3, STM32C011F6U6TR, STM32C011J4M3, STM32C011J4M6, STM32C011J6M3, STM32C011J6M6, STM32C0316-DK, STM32C031C4T3, STM32C031C4T6, STM32C031C4U3, STM32C031C4U6, STM32C031C6T3, STM32C031C6T6, STM32C031C6U3, STM32C031C6U6, STM32C031F4P3, STM32C031F4P6, STM32C031F6P3, STM32C031F6P6, STM32C031G4U3, STM32C031G4U6, STM32C031G6U3, STM32C031G6U6, STM32C031K4T3, STM32C031K4T6, STM32C031K4U3, STM32C031K4U6, STM32C031K6T3, STM32C031K6T6, STM32C031K6U3, STM32C031K6U6, STM32G071K8TXN, STM32G071K8UXN, STM32G081GBU6N, STM32G081KBT6N, STM32G081KBUXN, STM32G0B1CCT6N, STM32G0B1KCT6, STM32G0B1NEY6TR, STM32G0B1RCT6N, STM32G0C1CCT6, STM32G0C1CCT6N, STM32G0C1CCU6N, STM32G0C1CET6N, STM32G0C1CEU6N, STM32G0C1KCT6, STM32G0C1NEY6TR, STM32G0C1RCI6N, STM32G0C1RCT6N, STM32G0C1REI6N, STM32G0C1RET6N, STM32G0C1VCI6, STM32G0C1VEI6, STM32G471CCT6, STM32G471CCU6, STM32G471CET3, STM32G471CET6, STM32G471CEU3, STM32G471CEU6, STM32G471MCT6, STM32G471MET3, STM32G471MET6, STM32G471MEY6TR, STM32G471QCT6, STM32G471QET3, STM32G471RCT6, STM32G471RET3, STM32G471RET6, STM32G471VCH6, STM32G471VCI6, STM32G471VCT6, STM32G471VEH3, STM32G471VEH6, STM32G471VEI3, STM32G471VEI6, STM32G471VET3, STM32G471VET6, STM32G474CCT6, STM32L476VGY6PTR, STM32L4R5QGI6STR, STM32MP131AAE3, STM32MP131AAF3, STM32MP131AAG3, STM32MP131CAE3, STM32MP131CAF3, STM32MP131CAG3, STM32MP131DAE7, STM32MP131DAF7, STM32MP131DAG7, STM32MP131FAE7, STM32MP131FAF7, STM32MP131FAG7, STM32MP133AAE3, STM32MP133AAF3, STM32MP133AAG3, STM32MP133CAE3, STM32MP133CAF3, STM32MP133CAG3, STM32MP133DAE7, STM32MP133DAF7, STM32MP133DAG7, STM32MP133FAE7, STM32MP133FAF7, STM32MP133FAG7, STM32MP135AAE3, STM32MP135AAF3, STM32MP135AAG3, STM32MP135CAE3, STM32MP135CAF3, STM32MP135CAG3, STM32MP135DAE7, STM32MP135DAF7, STM32MP135DAG7, STM32MP135F-DK, STM32MP135FAE7, STM32MP135FAF7, STM32MP135FAG7, STM32U595ZJT6Q, STM32U599BJY6QTR, STM32U599NIH6Q, STM32U599NJH6Q, STM32U5A5ZJT6Q, STM32U5A9BJY6QTR, STM32U5A9NJH6Q, STM32WB1MMCH6]
2022-11-27 11:26:15,967 [INFO] DbMcus:215 - Found 3542 MCUs, 3542 are supported
2022-11-27 11:26:15,971 [INFO] ApiDb:418 - Load user favorites file C:\Users\Admin/.stm32cubeide/favorites.mcus.txt: 0 item(s)
2022-11-27 11:26:15,971 [INFO] ApiDb:422 - User favorites MCUs=[]
2022-11-27 11:26:15,972 [INFO] DbMcus:221 - Set 0 / 0 favorites MCUs
2022-11-27 11:26:15,972 [INFO] Mcu:1935 - No CPN specified => set CPN to STM32F103C6U6A
2022-11-27 11:26:16,773 [INFO] Context:654 - Trying to add GPIOservice into a context  which must be forbidden
2022-11-27 11:26:17,019 [WARN] ModelIntegratedComponent:64 - No mode defined for component null
2022-11-27 11:26:17,020 [WARN] ModelIntegratedComponent:64 - No mode defined for component null
2022-11-27 11:26:17,020 [WARN] ModelIntegratedComponent:64 - No mode defined for component null
2022-11-27 11:26:17,020 [WARN] ModelIntegratedComponent:64 - No mode defined for component null
2022-11-27 11:26:17,020 [WARN] ModelIntegratedComponent:64 - No mode defined for component null
2022-11-27 11:26:17,020 [WARN] ModelIntegratedComponent:64 - No mode defined for component null
2022-11-27 11:26:17,020 [WARN] ModelIntegratedComponent:64 - No mode defined for component null
2022-11-27 11:26:17,020 [WARN] ModelIntegratedComponent:64 - No mode defined for component null
2022-11-27 11:26:17,020 [WARN] ModelIntegratedComponent:64 - No mode defined for component null
2022-11-27 11:26:17,021 [WARN] ModelIntegratedComponent:64 - No mode defined for component null
2022-11-27 11:26:17,021 [WARN] ModelIntegratedComponent:64 - No mode defined for component null
2022-11-27 11:26:17,021 [WARN] ModelIntegratedComponent:64 - No mode defined for component null
2022-11-27 11:26:17,021 [WARN] ModelIntegratedComponent:64 - No mode defined for component null
2022-11-27 11:26:17,021 [WARN] ModelIntegratedComponent:64 - No mode defined for component null
2022-11-27 11:26:17,021 [WARN] ModelIntegratedComponent:64 - No mode defined for component null
2022-11-27 11:26:17,021 [WARN] ModelIntegratedComponent:64 - No mode defined for component null
2022-11-27 11:26:17,021 [WARN] ModelIntegratedComponent:64 - No mode defined for component null
2022-11-27 11:26:17,021 [WARN] ModelIntegratedComponent:64 - No mode defined for component null
2022-11-27 11:26:17,021 [WARN] ModelIntegratedComponent:64 - No mode defined for component null
2022-11-27 11:26:17,022 [WARN] ModelIntegratedComponent:64 - No mode defined for component null
2022-11-27 11:26:17,022 [WARN] ModelIntegratedComponent:64 - No mode defined for component null
2022-11-27 11:26:17,022 [WARN] ModelIntegratedComponent:64 - No mode defined for component null
2022-11-27 11:26:17,022 [WARN] ModelIntegratedComponent:64 - No mode defined for component null
2022-11-27 11:26:17,022 [WARN] ModelIntegratedComponent:64 - No mode defined for component null
2022-11-27 11:26:17,022 [WARN] ModelIntegratedComponent:64 - No mode defined for component null
2022-11-27 11:26:17,022 [WARN] ModelIntegratedComponent:64 - No mode defined for component null
2022-11-27 11:26:17,022 [WARN] ModelIntegratedComponent:64 - No mode defined for component null
2022-11-27 11:26:17,022 [WARN] ModelIntegratedComponent:64 - No mode defined for component null
2022-11-27 11:26:17,022 [WARN] ModelIntegratedComponent:64 - No mode defined for component null
2022-11-27 11:26:17,022 [WARN] ModelIntegratedComponent:64 - No mode defined for component null
2022-11-27 11:26:17,022 [WARN] ModelIntegratedComponent:64 - No mode defined for component null
2022-11-27 11:26:17,022 [WARN] ModelIntegratedComponent:64 - No mode defined for component null
2022-11-27 11:26:17,023 [WARN] ModelIntegratedComponent:64 - No mode defined for component null
2022-11-27 11:26:17,030 [INFO] RtosManager:488 - Registered RTOS mode: class=CMSIS, group=RTOS, mode=CMSIS_V1, owner=FREERTOS
2022-11-27 11:26:17,031 [INFO] RtosManager:488 - Registered RTOS mode: class=CMSIS, group=RTOS2, mode=CMSIS_V2, owner=FREERTOS
2022-11-27 11:26:17,031 [INFO] RtosManager:488 - Registered RTOS mode: class=RTOS, group=Core, mode=CMSIS_V1, owner=FREERTOS
2022-11-27 11:26:17,031 [INFO] RtosManager:488 - Registered RTOS mode: class=RTOS, group=Core, mode=CMSIS_V2, owner=FREERTOS
2022-11-27 11:26:17,032 [WARN] ModelIntegratedComponent:185 - Missing modes for component STMicroelectronics:FreeRTOS:0.0.1:STMicroelectronics:RTOS:FreeRTOS:Core:::10.2.0:
2022-11-27 11:26:17,038 [WARN] ApiManager:308 - Cannot register API 'Board Extension:NFC04A1' from pack STMicroelectronics.X-CUBE-NFC4.2.0.5: no header file found
2022-11-27 11:26:17,039 [WARN] ApiManager:308 - Cannot register API 'Board Extension:NFC04A1' from pack STMicroelectronics.X-CUBE-NFC4.2.0.4: no header file found
2022-11-27 11:26:17,053 [INFO] ThirdPartyModel:289 - Start build external matchings
2022-11-27 11:26:17,075 [INFO] ThirdPartyModel:302 - End build external matchings
2022-11-27 11:26:17,226 [INFO] UtilMem:74 - End LoadConfig() Used Memory: 210624976 Bytes (268435456)
2022-11-27 11:26:17,257 [WARN] ThirdParty:789 - waiting for thirdparty lock release [change project]
2022-11-27 11:26:17,257 [INFO] ThirdParty:791 - entering critical section [change project]
2022-11-27 11:26:17,257 [INFO] ThirdParty:981 - CMSIS Pack Vendor :STMicroelectronics X-CUBE-ISPU 1.1.0
2022-11-27 11:26:17,257 [INFO] ThirdParty:981 - CMSIS Pack Vendor :RoweBots I-CUBE-UNISONRTOS 5.5.0-4
2022-11-27 11:26:17,258 [INFO] ThirdParty:981 - CMSIS Pack Vendor :STMicroelectronics USB_HOST 2.0.0
2022-11-27 11:26:17,258 [INFO] ThirdParty:981 - CMSIS Pack Vendor :STMicroelectronics LIBJPEG 8.0.0
2022-11-27 11:26:17,258 [INFO] ThirdParty:981 - CMSIS Pack Vendor :STMicroelectronics FP-ATR-SIGFOX1 3.2.0
2022-11-27 11:26:17,258 [INFO] ThirdParty:981 - CMSIS Pack Vendor :STMicroelectronics USB_DEVICE 3.0.0
2022-11-27 11:26:17,258 [INFO] ThirdParty:981 - CMSIS Pack Vendor :STMicroelectronics HAL Drivers 0.0.0
2022-11-27 11:26:17,258 [INFO] ThirdParty:981 - CMSIS Pack Vendor :STMicroelectronics MBEDTLS 2.16.2
2022-11-27 11:26:17,258 [INFO] ThirdParty:981 - CMSIS Pack Vendor :emotas I-CUBE-CANOPEN 1.1.2
2022-11-27 11:26:17,258 [INFO] ThirdParty:981 - CMSIS Pack Vendor :STMicroelectronics MBEDTLS 2.14.1
2022-11-27 11:26:17,258 [INFO] ThirdParty:981 - CMSIS Pack Vendor :STMicroelectronics X-CUBE-BLEMGR 1.0.0
2022-11-27 11:26:17,258 [INFO] ThirdParty:981 - CMSIS Pack Vendor :STMicroelectronics X-CUBE-BLEMGR 1.2.0
2022-11-27 11:26:17,258 [INFO] ThirdParty:981 - CMSIS Pack Vendor :portGmbH I-Cube-SoM-uGOAL 1.1.0
2022-11-27 11:26:17,258 [INFO] ThirdParty:981 - CMSIS Pack Vendor :STMicroelectronics USB_DEVICE 2.0.0
2022-11-27 11:26:17,258 [INFO] ThirdParty:981 - CMSIS Pack Vendor :STMicroelectronics X-CUBE-AI 7.3.0
2022-11-27 11:26:17,258 [INFO] ThirdParty:981 - CMSIS Pack Vendor :STMicroelectronics X-CUBE-AI 7.2.0
2022-11-27 11:26:17,258 [INFO] ThirdParty:981 - CMSIS Pack Vendor :STMicroelectronics ThreadX 1.0.0
2022-11-27 11:26:17,258 [INFO] ThirdParty:981 - CMSIS Pack Vendor :STMicroelectronics FreeRTOS 0.0.1
2022-11-27 11:26:17,258 [INFO] ThirdParty:981 - CMSIS Pack Vendor :STMicroelectronics USB_DEVICE 1.0.0
2022-11-27 11:26:17,258 [INFO] ThirdParty:981 - CMSIS Pack Vendor :SEGGER I-CUBE-embOS 1.2.0
2022-11-27 11:26:17,258 [INFO] ThirdParty:981 - CMSIS Pack Vendor :STMicroelectronics STM32_WPAN 1.0.0
2022-11-27 11:26:17,258 [INFO] ThirdParty:981 - CMSIS Pack Vendor :STMicroelectronics ThreadX 0.0.2
2022-11-27 11:26:17,258 [INFO] ThirdParty:981 - CMSIS Pack Vendor :STMicroelectronics lwIP 2.0.3
2022-11-27 11:26:17,259 [INFO] ThirdParty:981 - CMSIS Pack Vendor :STMicroelectronics lwIP 2.1.2
2022-11-27 11:26:17,259 [INFO] ThirdParty:981 - CMSIS Pack Vendor :STMicroelectronics X-CUBE-NFC4 2.0.5
2022-11-27 11:26:17,259 [INFO] ThirdParty:981 - CMSIS Pack Vendor :STMicroelectronics X-CUBE-NFC4 2.0.4
2022-11-27 11:26:17,259 [INFO] ThirdParty:981 - CMSIS Pack Vendor :STMicroelectronics USB_HOST 1.0.0
2022-11-27 11:26:17,259 [INFO] ThirdParty:981 - CMSIS Pack Vendor :STMicroelectronics X-CUBE-TOF1 3.2.0
2022-11-27 11:26:17,259 [INFO] ThirdParty:981 - CMSIS Pack Vendor :STMicroelectronics PDM2PCM 3.1.0
2022-11-27 11:26:17,259 [INFO] ThirdParty:981 - CMSIS Pack Vendor :STMicroelectronics PDM2PCM 3.2.0
2022-11-27 11:26:17,259 [INFO] ThirdParty:981 - CMSIS Pack Vendor :STMicroelectronics PDM2PCM 3.3.0
2022-11-27 11:26:17,259 [INFO] ThirdParty:981 - CMSIS Pack Vendor :STMicroelectronics X-CUBE-TOF1 3.1.0
2022-11-27 11:26:17,259 [INFO] ThirdParty:981 - CMSIS Pack Vendor :STMicroelectronics X-CUBE-ISPU 1.0.0
2022-11-27 11:26:17,259 [INFO] ThirdParty:797 - exiting critical section [change project]
2022-11-27 11:26:17,607 [INFO] PinOutPanel:1468 - setPackage(No Configuration,No Configuration)
2022-11-27 11:26:17,609 [INFO] PinOutPanel:1468 - setPackage(STM32F103C6Ux,UFQFPN48)
2022-11-27 11:26:18,220 [INFO] UtilMem:74 - Before build in PCC Used Memory: 219371032 Bytes (277872640)
2022-11-27 11:26:19,108 [INFO] UtilMem:74 - After build in PCC Used Memory: 262835080 Bytes (310378496)
2022-11-27 11:26:19,125 [INFO] IPUIPlugin:79 - create IPUIPlugin
2022-11-27 11:26:19,126 [INFO] IPUIPlugin:79 - create IPUIPlugin
2022-11-27 11:26:19,126 [INFO] IPUIPlugin:79 - create IPUIPlugin
2022-11-27 11:26:19,126 [INFO] IPUIPlugin:79 - create IPUIPlugin
2022-11-27 11:26:19,126 [INFO] IPUIPlugin:79 - create IPUIPlugin
2022-11-27 11:26:19,126 [INFO] IPUIPlugin:79 - create IPUIPlugin
2022-11-27 11:26:19,126 [INFO] IPUIPlugin:79 - create IPUIPlugin
2022-11-27 11:26:19,126 [INFO] IPUIPlugin:79 - create IPUIPlugin
2022-11-27 11:26:19,131 [INFO] IPUIPlugin:79 - create IPUIPlugin
2022-11-27 11:26:19,132 [INFO] IPUIPlugin:79 - create IPUIPlugin
2022-11-27 11:26:19,132 [INFO] IPUIPlugin:79 - create IPUIPlugin
2022-11-27 11:26:19,132 [INFO] IPUIPlugin:79 - create IPUIPlugin
2022-11-27 11:26:19,133 [INFO] IPUIPlugin:79 - create IPUIPlugin
2022-11-27 11:26:19,133 [INFO] IPUIPlugin:79 - create IPUIPlugin
2022-11-27 11:26:19,133 [INFO] IPUIPlugin:79 - create IPUIPlugin
2022-11-27 11:26:19,133 [INFO] IPUIPlugin:79 - create IPUIPlugin
2022-11-27 11:26:19,133 [INFO] IPUIPlugin:79 - create IPUIPlugin
2022-11-27 11:26:19,133 [INFO] IPUIPlugin:79 - create IPUIPlugin
2022-11-27 11:26:19,134 [INFO] IPUIPlugin:79 - create IPUIPlugin
2022-11-27 11:26:19,134 [INFO] IPUIPlugin:79 - create IPUIPlugin
2022-11-27 11:26:19,134 [INFO] IPUIPlugin:79 - create IPUIPlugin
2022-11-27 11:26:19,134 [INFO] IPUIPlugin:79 - create IPUIPlugin
2022-11-27 11:26:19,134 [INFO] IPUIPlugin:79 - create IPUIPlugin
2022-11-27 11:26:19,374 [INFO] OpenFileManager:327 - Restore cursor
2022-11-29 14:33:27,010 [INFO] Activator:177 - 


2022-11-29 14:33:27,012 [INFO] Activator:178 - !SESSION log4j initialized
